Using pre-set license
Built from '2020.3/staging' branch; Version is '2020.3.9f1 (108be757e447) revision 1084391'; Using compiler version '192528614'; Build Type 'Release'
OS: 'Windows 10 Home; OS build 18363.1256; Version 1909; 64bit' Language: 'en' Physical Memory: 4012 MB
BatchMode: 1, IsHumanControllingUs: 0, StartBugReporterOnCrash: 0, Is64bit: 1, IsPro: 0

 COMMAND LINE ARGUMENTS:
C:\Program Files\Unity\Hub\Editor\2020.3.9f1\Editor\Unity.exe
-adb2
-batchMode
-noUpm
-name
AssetImportWorker6
-projectPath
C:/Users/user_159/AccelerometerBall
-logFile
Logs/AssetImportWorker6.log
-srvPort
49899
Successfully changed project path to: C:/Users/user_159/AccelerometerBall
C:/Users/user_159/AccelerometerBall
Using Asset Import Pipeline V2.
Refreshing native plugins compatible for Editor in 55.99 ms, found 1 plugins.
Preloading 0 native plugins for Editor in 0.00 ms.
Initialize engine version: 2020.3.9f1 (108be757e447)
[Subsystems] Discovering subsystems at path C:/Program Files/Unity/Hub/Editor/2020.3.9f1/Editor/Data/Resources/UnitySubsystems
[Subsystems] Discovering subsystems at path C:/Users/user_159/AccelerometerBall/Assets
GfxDevice: creating device client; threaded=0
Direct3D:
    Version:  Direct3D 11.0 [level 11.1]
    Renderer: Intel(R) HD Graphics Family (ID=0xa16)
    Vendor:   
    VRAM:     2006 MB
    Driver:   20.19.15.4835
Initialize mono
Mono path[0] = 'C:/Program Files/Unity/Hub/Editor/2020.3.9f1/Editor/Data/Managed'
Mono path[1] = 'C:/Program Files/Unity/Hub/Editor/2020.3.9f1/Editor/Data/MonoBleedingEdge/lib/mono/unityjit'
Mono config path = 'C:/Program Files/Unity/Hub/Editor/2020.3.9f1/Editor/Data/MonoBleedingEdge/etc'
Using monoOptions --debugger-agent=transport=dt_socket,embedding=1,server=y,suspend=n,address=127.0.0.1:56004
Begin MonoManager ReloadAssembly
Registering precompiled unity dll's ...
Register platform support module: C:/Program Files/Unity/Hub/Editor/2020.3.9f1/Editor/Data/PlaybackEngines/WindowsStandaloneSupport/UnityEditor.WindowsStandalone.Extensions.dll
Registered in 0.002992 seconds.
Native extension for WindowsStandalone target not found
Refreshing native plugins compatible for Editor in 54.82 ms, found 1 plugins.
Preloading 0 native plugins for Editor in 0.00 ms.
Mono: successfully reloaded assembly
- Completed reload, in  2.542 seconds
Platform modules already initialized, skipping
Registering precompiled user dll's ...
Registered in 0.001671 seconds.
Begin MonoManager ReloadAssembly
Native extension for WindowsStandalone target not found
Refreshing native plugins compatible for Editor in 101.63 ms, found 1 plugins.
Preloading 0 native plugins for Editor in 0.00 ms.
Mono: successfully reloaded assembly
- Completed reload, in  3.504 seconds
Platform modules already initialized, skipping
========================================================================
Worker process is ready to serve import requests
Launched and connected shader compiler UnityShaderCompiler.exe after 0.39 seconds
Refreshing native plugins compatible for Editor in 1.02 ms, found 1 plugins.
Preloading 0 native plugins for Editor in 0.00 ms.
Unloading 1808 Unused Serialized files (Serialized files now loaded: 0)
System memory in use before: 85.0 MB.
System memory in use after: 84.9 MB.

Unloading 24 unused Assets to reduce memory usage. Loaded Objects now: 2250.
Total: 4.781500 ms (FindLiveObjects: 0.518200 ms CreateObjectMapping: 0.273300 ms MarkObjects: 3.727900 ms  DeleteObjects: 0.259100 ms)

========================================================================
Received Import Request.
  path: Assets/img/brickwall.jpg
  artifactKey: Guid(4d67e86dbda2b994bb1cff773150c9e5) Importer(815301076,1909f56bfc062723c751e8b465ee728b)
Start importing Assets/img/brickwall.jpg using Guid(4d67e86dbda2b994bb1cff773150c9e5) Importer(815301076,1909f56bfc062723c751e8b465ee728b)  -> (artifact id: 'ba93863ace8cd071a77f3bd602477727') in 1.092988 seconds
  Import took 1.203134 seconds .

========================================================================
Received Import Request.
  Time since last request: 943.814136 seconds.
  path: Assets/img/kisspng-sprite-gfycat-8-bit-5ac8256192c0b5.7621527315230662096011.png
  artifactKey: Guid(f066422b4d2bd9c4587152894f915d80) Importer(815301076,1909f56bfc062723c751e8b465ee728b)
Start importing Assets/img/kisspng-sprite-gfycat-8-bit-5ac8256192c0b5.7621527315230662096011.png using Guid(f066422b4d2bd9c4587152894f915d80) Importer(815301076,1909f56bfc062723c751e8b465ee728b)  -> (artifact id: '4dd90bbc9a54637245c6f95079def78f') in 0.179731 seconds
  Import took 0.209330 seconds .

========================================================================
Received Import Request.
  Time since last request: 75.291173 seconds.
  path: Assets
  artifactKey: Guid(00000000000000001000000000000000) Importer(815301076,1909f56bfc062723c751e8b465ee728b)
Start importing Assets using Guid(00000000000000001000000000000000) Importer(815301076,1909f56bfc062723c751e8b465ee728b)  -> (artifact id: '42d402b061de3733987d63b9cc3b64de') in 0.021942 seconds
  Import took 0.045343 seconds .

========================================================================
Received Import Request.
  Time since last request: 6.020008 seconds.
  path: Assets/scripts
  artifactKey: Guid(d9b693599d87eac4da4a079e935e6dd2) Importer(815301076,1909f56bfc062723c751e8b465ee728b)
Start importing Assets/scripts using Guid(d9b693599d87eac4da4a079e935e6dd2) Importer(815301076,1909f56bfc062723c751e8b465ee728b)  -> (artifact id: 'd80b14ed2b0c962861c1c58ec957b891') in 0.023267 seconds
  Import took 0.041904 seconds .

========================================================================
Received Import Request.
  Time since last request: 0.001018 seconds.
  path: Assets/scripts
  artifactKey: Guid(d9b693599d87eac4da4a079e935e6dd2) Importer(815301076,1909f56bfc062723c751e8b465ee728b)
Start importing Assets/scripts using Guid(d9b693599d87eac4da4a079e935e6dd2) Importer(815301076,1909f56bfc062723c751e8b465ee728b)  -> (artifact id: 'd80b14ed2b0c962861c1c58ec957b891') in 0.009667 seconds
  Import took 0.019452 seconds .

========================================================================
Received Prepare
Registering precompiled user dll's ...
Registered in 0.003353 seconds.
Begin MonoManager ReloadAssembly
Native extension for WindowsStandalone target not found
Refreshing native plugins compatible for Editor in 0.99 ms, found 1 plugins.
Preloading 0 native plugins for Editor in 0.00 ms.
Mono: successfully reloaded assembly
- Completed reload, in  1.415 seconds
Platform modules already initialized, skipping
Refreshing native plugins compatible for Editor in 0.84 ms, found 1 plugins.
Preloading 0 native plugins for Editor in 0.00 ms.
Unloading 1806 Unused Serialized files (Serialized files now loaded: 0)
System memory in use before: 88.0 MB.
System memory in use after: 88.0 MB.

Unloading 12 unused Assets to reduce memory usage. Loaded Objects now: 2263.
Total: 3.106900 ms (FindLiveObjects: 0.298400 ms CreateObjectMapping: 0.101400 ms MarkObjects: 2.538100 ms  DeleteObjects: 0.167000 ms)

========================================================================
Received Import Request.
  Time since last request: 145.103736 seconds.
  path: Assets/scripts/BallControlScript.cs
  artifactKey: Guid(6b7db62c9d41a6e4490c2837e33b7f6e) Importer(815301076,1909f56bfc062723c751e8b465ee728b)
Start importing Assets/scripts/BallControlScript.cs using Guid(6b7db62c9d41a6e4490c2837e33b7f6e) Importer(815301076,1909f56bfc062723c751e8b465ee728b)  -> (artifact id: '267aee8ce81b5a62beeb4203d48f0876') in 0.038730 seconds
  Import took 0.064948 seconds .

========================================================================
Received Prepare
Registering precompiled user dll's ...
Registered in 0.202727 seconds.
Begin MonoManager ReloadAssembly
Native extension for WindowsStandalone target not found
Refreshing native plugins compatible for Editor in 0.74 ms, found 1 plugins.
Preloading 0 native plugins for Editor in 0.00 ms.
Mono: successfully reloaded assembly
- Completed reload, in 14.087 seconds
Platform modules already initialized, skipping
Refreshing native plugins compatible for Editor in 0.86 ms, found 1 plugins.
Preloading 0 native plugins for Editor in 0.00 ms.
Unloading 1806 Unused Serialized files (Serialized files now loaded: 0)
System memory in use before: 88.1 MB.
System memory in use after: 88.1 MB.

Unloading 12 unused Assets to reduce memory usage. Loaded Objects now: 2267.
Total: 79.984300 ms (FindLiveObjects: 8.051700 ms CreateObjectMapping: 0.194900 ms MarkObjects: 58.693300 ms  DeleteObjects: 13.041900 ms)

========================================================================
Received Import Request.
  Time since last request: 2476.618315 seconds.
  path: Assets/img/spikes.png
  artifactKey: Guid(e4c0e3926190a1040afb3c6c46c9ea19) Importer(815301076,1909f56bfc062723c751e8b465ee728b)
Start importing Assets/img/spikes.png using Guid(e4c0e3926190a1040afb3c6c46c9ea19) Importer(815301076,1909f56bfc062723c751e8b465ee728b)  -> (artifact id: 'bce4f59f6a84d8754a1e411dbbf01c52') in 0.556005 seconds
  Import took 0.587740 seconds .

========================================================================
Received Import Request.
  Time since last request: 0.000454 seconds.
  path: Assets/scripts/ExitHoleScript.cs
  artifactKey: Guid(6ae117b69a3eef84aafd5d0deb244092) Importer(815301076,1909f56bfc062723c751e8b465ee728b)
Start importing Assets/scripts/ExitHoleScript.cs using Guid(6ae117b69a3eef84aafd5d0deb244092) Importer(815301076,1909f56bfc062723c751e8b465ee728b)  -> (artifact id: '8a3f28a519ef2a9df9e822e58eb96c18') in 0.053352 seconds
  Import took 0.073418 seconds .

========================================================================
Received Import Request.
  Time since last request: 0.000329 seconds.
  path: Assets/img
  artifactKey: Guid(b6008f51039e3c544b65dc22a4255582) Importer(815301076,1909f56bfc062723c751e8b465ee728b)
Start importing Assets/img using Guid(b6008f51039e3c544b65dc22a4255582) Importer(815301076,1909f56bfc062723c751e8b465ee728b)  -> (artifact id: 'c9f908963f61b3308206ab9c3ef7acb8') in 0.090600 seconds
  Import took 0.115540 seconds .

========================================================================
Received Import Request.
  Time since last request: 147.191882 seconds.
  path: Assets/img/spikes.png
  artifactKey: Guid(e4c0e3926190a1040afb3c6c46c9ea19) Importer(815301076,1909f56bfc062723c751e8b465ee728b)
Start importing Assets/img/spikes.png using Guid(e4c0e3926190a1040afb3c6c46c9ea19) Importer(815301076,1909f56bfc062723c751e8b465ee728b)  -> (artifact id: 'bcae425e385f1615ec7f7343b5ae41c7') in 0.160475 seconds
  Import took 0.186818 seconds .

========================================================================
Received Import Request.
  Time since last request: 360.971026 seconds.
  path: Assets/img/block.png
  artifactKey: Guid(8892fa3c3d04a3f4486284be5a2f48da) Importer(815301076,1909f56bfc062723c751e8b465ee728b)
Start importing Assets/img/block.png using Guid(8892fa3c3d04a3f4486284be5a2f48da) Importer(815301076,1909f56bfc062723c751e8b465ee728b)  -> (artifact id: '5b3ed866765fb951fa1d20d4f5f2b3bc') in 0.175600 seconds
  Import took 0.217643 seconds .

========================================================================
Received Import Request.
  Time since last request: 0.000394 seconds.
  path: Assets/img/exit.png
  artifactKey: Guid(185dc4644c664224ba3692af75faaf82) Importer(815301076,1909f56bfc062723c751e8b465ee728b)
Start importing Assets/img/exit.png using Guid(185dc4644c664224ba3692af75faaf82) Importer(815301076,1909f56bfc062723c751e8b465ee728b)  -> (artifact id: 'ceaaa193ec05347fdddda4b863d3d139') in 0.149933 seconds
  Import took 0.166718 seconds .

========================================================================
Received Import Request.
  Time since last request: 152.852732 seconds.
  path: Assets/img/movingSpikes.png
  artifactKey: Guid(29e2d05ef8c4f6c40b14cd1403bd79fc) Importer(815301076,1909f56bfc062723c751e8b465ee728b)
Start importing Assets/img/movingSpikes.png using Guid(29e2d05ef8c4f6c40b14cd1403bd79fc) Importer(815301076,1909f56bfc062723c751e8b465ee728b)  -> (artifact id: '3f3d14964d423a2ee8b0aac4bdb12ec8') in 0.215515 seconds
  Import took 0.240771 seconds .

========================================================================
Received Import Request.
  Time since last request: 1822.114939 seconds.
  path: Assets/scripts/BallControlScript.cs
  artifactKey: Guid(6b7db62c9d41a6e4490c2837e33b7f6e) Importer(815301076,1909f56bfc062723c751e8b465ee728b)
Start importing Assets/scripts/BallControlScript.cs using Guid(6b7db62c9d41a6e4490c2837e33b7f6e) Importer(815301076,1909f56bfc062723c751e8b465ee728b)  -> (artifact id: 'b78929a331741a772366483642576327') in 0.149213 seconds
  Import took 0.176608 seconds .

========================================================================
Received Import Request.
  Time since last request: 18.688571 seconds.
  path: Assets/scripts/BallControlScript.cs
  artifactKey: Guid(6b7db62c9d41a6e4490c2837e33b7f6e) Importer(815301076,1909f56bfc062723c751e8b465ee728b)
Start importing Assets/scripts/BallControlScript.cs using Guid(6b7db62c9d41a6e4490c2837e33b7f6e) Importer(815301076,1909f56bfc062723c751e8b465ee728b)  -> (artifact id: '0663dfacfed80fc138df8734d4bb44e6') in 0.020744 seconds
  Import took 0.073756 seconds .

========================================================================
Received Import Request.
  Time since last request: 0.014845 seconds.
  path: Assets/scripts/BallControlScript.cs
  artifactKey: Guid(6b7db62c9d41a6e4490c2837e33b7f6e) Importer(815301076,1909f56bfc062723c751e8b465ee728b)
Start importing Assets/scripts/BallControlScript.cs using Guid(6b7db62c9d41a6e4490c2837e33b7f6e) Importer(815301076,1909f56bfc062723c751e8b465ee728b)  -> (artifact id: '0663dfacfed80fc138df8734d4bb44e6') in 0.014110 seconds
  Import took 0.038363 seconds .

========================================================================
Received Prepare
Registering precompiled user dll's ...
Registered in 0.023267 seconds.
Begin MonoManager ReloadAssembly
Native extension for WindowsStandalone target not found
Refreshing native plugins compatible for Editor in 0.57 ms, found 1 plugins.
Preloading 0 native plugins for Editor in 0.00 ms.
Mono: successfully reloaded assembly
- Completed reload, in  7.915 seconds
Platform modules already initialized, skipping
Refreshing native plugins compatible for Editor in 0.85 ms, found 1 plugins.
Preloading 0 native plugins for Editor in 0.00 ms.
Unloading 1806 Unused Serialized files (Serialized files now loaded: 0)
System memory in use before: 88.1 MB.
System memory in use after: 88.1 MB.

Unloading 12 unused Assets to reduce memory usage. Loaded Objects now: 2280.
Total: 17.188200 ms (FindLiveObjects: 0.288000 ms CreateObjectMapping: 0.093600 ms MarkObjects: 16.634600 ms  DeleteObjects: 0.169900 ms)

========================================================================
Received Prepare
Registering precompiled user dll's ...
Registered in 0.001632 seconds.
Begin MonoManager ReloadAssembly
Native extension for WindowsStandalone target not found
Refreshing native plugins compatible for Editor in 0.56 ms, found 1 plugins.
Preloading 0 native plugins for Editor in 0.00 ms.
Mono: successfully reloaded assembly
- Completed reload, in  1.537 seconds
Platform modules already initialized, skipping
Refreshing native plugins compatible for Editor in 0.51 ms, found 1 plugins.
Preloading 0 native plugins for Editor in 0.00 ms.
Unloading 1806 Unused Serialized files (Serialized files now loaded: 0)
System memory in use before: 88.1 MB.
System memory in use after: 88.1 MB.

Unloading 12 unused Assets to reduce memory usage. Loaded Objects now: 2284.
Total: 17.534400 ms (FindLiveObjects: 0.223900 ms CreateObjectMapping: 0.096800 ms MarkObjects: 2.694400 ms  DeleteObjects: 14.517400 ms)

========================================================================
Received Prepare
Registering precompiled user dll's ...
Registered in 0.020822 seconds.
Begin MonoManager ReloadAssembly
Native extension for WindowsStandalone target not found
Refreshing native plugins compatible for Editor in 0.73 ms, found 1 plugins.
Preloading 0 native plugins for Editor in 0.00 ms.
Mono: successfully reloaded assembly
- Completed reload, in  1.803 seconds
Platform modules already initialized, skipping
Switching build target platform(19) subTarget(0) extendedPlatform(0) -> platform(13) subTarget(537395200) extendedPlatform(0)
Refreshing native plugins compatible for Editor in 0.86 ms, found 1 plugins.
Preloading 0 native plugins for Editor in 0.00 ms.
Unloading 1810 Unused Serialized files (Serialized files now loaded: 0)
System memory in use before: 88.2 MB.
System memory in use after: 88.2 MB.

Unloading 12 unused Assets to reduce memory usage. Loaded Objects now: 2288.
Total: 3.260400 ms (FindLiveObjects: 0.281500 ms CreateObjectMapping: 0.099400 ms MarkObjects: 2.713900 ms  DeleteObjects: 0.164300 ms)

AssetImportParameters requested are different than current active one (requested -> active):
  custom:graphics/normal-map-encoding: 01000000000000000000000000000000 -> 02000000000000000000000000000000
========================================================================
Received Prepare
Refreshing native plugins compatible for Editor in 6.16 ms, found 1 plugins.
Preloading 0 native plugins for Editor in 0.00 ms.
Unloading 10 Unused Serialized files (Serialized files now loaded: 0)
System memory in use before: 52.6 MB.
System memory in use after: 52.6 MB.

Unloading 10 unused Assets to reduce memory usage. Loaded Objects now: 2288.
Total: 5.666000 ms (FindLiveObjects: 0.561500 ms CreateObjectMapping: 0.282900 ms MarkObjects: 4.539800 ms  DeleteObjects: 0.278900 ms)

========================================================================
Received Prepare
Refreshing native plugins compatible for Editor in 76.58 ms, found 1 plugins.
Preloading 0 native plugins for Editor in 0.00 ms.
Unloading 10 Unused Serialized files (Serialized files now loaded: 0)
System memory in use before: 52.6 MB.
System memory in use after: 52.6 MB.

Unloading 10 unused Assets to reduce memory usage. Loaded Objects now: 2288.
Total: 4.872200 ms (FindLiveObjects: 0.284500 ms CreateObjectMapping: 0.094500 ms MarkObjects: 4.320900 ms  DeleteObjects: 0.170500 ms)

========================================================================
Received Prepare
Refreshing native plugins compatible for Editor in 4.74 ms, found 1 plugins.
Preloading 0 native plugins for Editor in 0.00 ms.
Unloading 10 Unused Serialized files (Serialized files now loaded: 0)
System memory in use before: 52.6 MB.
System memory in use after: 52.6 MB.

Unloading 10 unused Assets to reduce memory usage. Loaded Objects now: 2288.
Total: 4.277400 ms (FindLiveObjects: 0.474700 ms CreateObjectMapping: 0.151200 ms MarkObjects: 3.467500 ms  DeleteObjects: 0.180500 ms)

========================================================================
Received Prepare
Registering precompiled user dll's ...
Registered in 0.041943 seconds.
Begin MonoManager ReloadAssembly
Native extension for WindowsStandalone target not found
Refreshing native plugins compatible for Editor in 0.74 ms, found 1 plugins.
Preloading 0 native plugins for Editor in 0.00 ms.
Mono: successfully reloaded assembly
- Completed reload, in 17.802 seconds
Platform modules already initialized, skipping
Script is not up to date after domain reload: guid(1630a16ae9f07e34fb65060a691a95d0) path("Assets/scripts/AccelerometerMovement.cs") state(2)
Switching build target platform(19) subTarget(0) extendedPlatform(0) -> platform(13) subTarget(537395200) extendedPlatform(0)
Refreshing native plugins compatible for Editor in 0.49 ms, found 1 plugins.
Preloading 0 native plugins for Editor in 0.00 ms.
Unloading 1810 Unused Serialized files (Serialized files now loaded: 0)
System memory in use before: 88.2 MB.
System memory in use after: 88.2 MB.

Unloading 12 unused Assets to reduce memory usage. Loaded Objects now: 2292.
Total: 302.378900 ms (FindLiveObjects: 0.333000 ms CreateObjectMapping: 0.093000 ms MarkObjects: 253.877700 ms  DeleteObjects: 48.071000 ms)

AssetImportParameters requested are different than current active one (requested -> active):
  custom:graphics/normal-map-encoding: 01000000000000000000000000000000 -> 02000000000000000000000000000000
========================================================================
Received Prepare
Registering precompiled user dll's ...
Registered in 0.001777 seconds.
Begin MonoManager ReloadAssembly
Native extension for WindowsStandalone target not found
Refreshing native plugins compatible for Editor in 0.55 ms, found 1 plugins.
Preloading 0 native plugins for Editor in 0.00 ms.
Mono: successfully reloaded assembly
- Completed reload, in  1.767 seconds
Platform modules already initialized, skipping
Switching build target platform(19) subTarget(0) extendedPlatform(0) -> platform(13) subTarget(537395200) extendedPlatform(0)
Refreshing native plugins compatible for Editor in 1.01 ms, found 1 plugins.
Preloading 0 native plugins for Editor in 0.00 ms.
Unloading 1811 Unused Serialized files (Serialized files now loaded: 0)
System memory in use before: 88.2 MB.
System memory in use after: 88.2 MB.

Unloading 12 unused Assets to reduce memory usage. Loaded Objects now: 2297.
Total: 17.009600 ms (FindLiveObjects: 0.300500 ms CreateObjectMapping: 0.097600 ms MarkObjects: 16.430800 ms  DeleteObjects: 0.178500 ms)

AssetImportParameters requested are different than current active one (requested -> active):
  custom:graphics/normal-map-encoding: 01000000000000000000000000000000 -> 02000000000000000000000000000000
========================================================================
Received Import Request.
  Time since last request: 2574.182457 seconds.
  path: Assets/scripts/AccelerometerMovement.cs
  artifactKey: Guid(1630a16ae9f07e34fb65060a691a95d0) Importer(815301076,1909f56bfc062723c751e8b465ee728b)
Start importing Assets/scripts/AccelerometerMovement.cs using Guid(1630a16ae9f07e34fb65060a691a95d0) Importer(815301076,1909f56bfc062723c751e8b465ee728b)  -> (artifact id: 'dc9b6b3286c0bf57d77fd22265458a09') in 0.193197 seconds
  Import took 0.302970 seconds .

========================================================================
Received Import Request.
  Time since last request: 954.038798 seconds.
  path: Assets/scripts/AccelerometerMovement.cs
  artifactKey: Guid(1630a16ae9f07e34fb65060a691a95d0) Importer(815301076,1909f56bfc062723c751e8b465ee728b)
Start importing Assets/scripts/AccelerometerMovement.cs using Guid(1630a16ae9f07e34fb65060a691a95d0) Importer(815301076,1909f56bfc062723c751e8b465ee728b)  -> (artifact id: 'e5cd769263ba4049e6d5b9a2c084a062') in 0.294016 seconds
  Import took 0.539737 seconds .

========================================================================
Received Import Request.
  Time since last request: 0.321337 seconds.
  path: Assets/scripts/AccelerometerMovement.cs
  artifactKey: Guid(1630a16ae9f07e34fb65060a691a95d0) Importer(815301076,1909f56bfc062723c751e8b465ee728b)
Start importing Assets/scripts/AccelerometerMovement.cs using Guid(1630a16ae9f07e34fb65060a691a95d0) Importer(815301076,1909f56bfc062723c751e8b465ee728b)  -> (artifact id: 'e5cd769263ba4049e6d5b9a2c084a062') in 0.005050 seconds
  Import took 0.064946 seconds .

========================================================================
Received Prepare
Registering precompiled user dll's ...
Registered in 0.052364 seconds.
Begin MonoManager ReloadAssembly
Native extension for WindowsStandalone target not found
Refreshing native plugins compatible for Editor in 19.62 ms, found 1 plugins.
Preloading 0 native plugins for Editor in 0.00 ms.
Mono: successfully reloaded assembly
- Completed reload, in  6.693 seconds
Platform modules already initialized, skipping
Switching build target platform(19) subTarget(0) extendedPlatform(0) -> platform(13) subTarget(537395200) extendedPlatform(0)
Refreshing native plugins compatible for Editor in 0.88 ms, found 1 plugins.
Preloading 0 native plugins for Editor in 0.00 ms.
Unloading 1811 Unused Serialized files (Serialized files now loaded: 0)
System memory in use before: 88.2 MB.
System memory in use after: 88.2 MB.

Unloading 12 unused Assets to reduce memory usage. Loaded Objects now: 2301.
Total: 20.149000 ms (FindLiveObjects: 0.280600 ms CreateObjectMapping: 0.091200 ms MarkObjects: 9.655800 ms  DeleteObjects: 10.119400 ms)

AssetImportParameters requested are different than current active one (requested -> active):
  custom:graphics/normal-map-encoding: 01000000000000000000000000000000 -> 02000000000000000000000000000000
========================================================================
Received Prepare
Registering precompiled user dll's ...
Registered in 0.002206 seconds.
Begin MonoManager ReloadAssembly
Native extension for WindowsStandalone target not found
Refreshing native plugins compatible for Editor in 3.02 ms, found 1 plugins.
Preloading 0 native plugins for Editor in 0.00 ms.
Mono: successfully reloaded assembly
- Completed reload, in  6.564 seconds
Platform modules already initialized, skipping
Switching build target platform(19) subTarget(0) extendedPlatform(0) -> platform(13) subTarget(537395200) extendedPlatform(0)
Refreshing native plugins compatible for Editor in 10.41 ms, found 1 plugins.
Preloading 0 native plugins for Editor in 0.00 ms.
Unloading 1811 Unused Serialized files (Serialized files now loaded: 0)
System memory in use before: 88.2 MB.
System memory in use after: 88.2 MB.

Unloading 12 unused Assets to reduce memory usage. Loaded Objects now: 2305.
Total: 12.730100 ms (FindLiveObjects: 0.434200 ms CreateObjectMapping: 0.271500 ms MarkObjects: 11.817600 ms  DeleteObjects: 0.204300 ms)

AssetImportParameters requested are different than current active one (requested -> active):
  custom:graphics/normal-map-encoding: 01000000000000000000000000000000 -> 02000000000000000000000000000000
========================================================================
Received Prepare
Registering precompiled user dll's ...
Registered in 0.003761 seconds.
Begin MonoManager ReloadAssembly
Native extension for WindowsStandalone target not found
Refreshing native plugins compatible for Editor in 2.57 ms, found 1 plugins.
Preloading 0 native plugins for Editor in 0.00 ms.
Mono: successfully reloaded assembly
- Completed reload, in  5.126 seconds
Platform modules already initialized, skipping
Switching build target platform(19) subTarget(0) extendedPlatform(0) -> platform(13) subTarget(537395200) extendedPlatform(0)
Refreshing native plugins compatible for Editor in 0.77 ms, found 1 plugins.
Preloading 0 native plugins for Editor in 0.00 ms.
Unloading 1811 Unused Serialized files (Serialized files now loaded: 0)
System memory in use before: 88.2 MB.
System memory in use after: 88.2 MB.

Unloading 12 unused Assets to reduce memory usage. Loaded Objects now: 2309.
Total: 2.920400 ms (FindLiveObjects: 0.243900 ms CreateObjectMapping: 0.108000 ms MarkObjects: 2.402300 ms  DeleteObjects: 0.164700 ms)

AssetImportParameters requested are different than current active one (requested -> active):
  custom:graphics/normal-map-encoding: 01000000000000000000000000000000 -> 02000000000000000000000000000000
========================================================================
Received Prepare
Registering precompiled user dll's ...
Registered in 0.026292 seconds.
Begin MonoManager ReloadAssembly
Native extension for WindowsStandalone target not found
Refreshing native plugins compatible for Editor in 0.58 ms, found 1 plugins.
Preloading 0 native plugins for Editor in 0.00 ms.
Mono: successfully reloaded assembly
- Completed reload, in  1.971 seconds
Platform modules already initialized, skipping
Switching build target platform(19) subTarget(0) extendedPlatform(0) -> platform(13) subTarget(537395200) extendedPlatform(0)
Refreshing native plugins compatible for Editor in 0.89 ms, found 1 plugins.
Preloading 0 native plugins for Editor in 0.00 ms.
Unloading 1811 Unused Serialized files (Serialized files now loaded: 0)
System memory in use before: 88.3 MB.
System memory in use after: 88.2 MB.

Unloading 12 unused Assets to reduce memory usage. Loaded Objects now: 2313.
Total: 3.295800 ms (FindLiveObjects: 0.323200 ms CreateObjectMapping: 0.099400 ms MarkObjects: 2.685800 ms  DeleteObjects: 0.185900 ms)

AssetImportParameters requested are different than current active one (requested -> active):
  custom:graphics/normal-map-encoding: 01000000000000000000000000000000 -> 02000000000000000000000000000000
========================================================================
Received Prepare
Registering precompiled user dll's ...
Registered in 0.016575 seconds.
Begin MonoManager ReloadAssembly
Native extension for WindowsStandalone target not found
Refreshing native plugins compatible for Editor in 0.51 ms, found 1 plugins.
Preloading 0 native plugins for Editor in 0.00 ms.
Mono: successfully reloaded assembly
- Completed reload, in  1.668 seconds
Platform modules already initialized, skipping
Switching build target platform(19) subTarget(0) extendedPlatform(0) -> platform(13) subTarget(537395200) extendedPlatform(0)
Refreshing native plugins compatible for Editor in 0.87 ms, found 1 plugins.
Preloading 0 native plugins for Editor in 0.00 ms.
Unloading 1811 Unused Serialized files (Serialized files now loaded: 0)
System memory in use before: 88.3 MB.
System memory in use after: 88.2 MB.

Unloading 12 unused Assets to reduce memory usage. Loaded Objects now: 2317.
Total: 3.121800 ms (FindLiveObjects: 0.282400 ms CreateObjectMapping: 0.100300 ms MarkObjects: 2.569200 ms  DeleteObjects: 0.168400 ms)

AssetImportParameters requested are different than current active one (requested -> active):
  custom:graphics/normal-map-encoding: 01000000000000000000000000000000 -> 02000000000000000000000000000000
========================================================================
Received Prepare
Registering precompiled user dll's ...
Registered in 0.002731 seconds.
Begin MonoManager ReloadAssembly
Native extension for WindowsStandalone target not found
Refreshing native plugins compatible for Editor in 0.78 ms, found 1 plugins.
Preloading 0 native plugins for Editor in 0.00 ms.
Mono: successfully reloaded assembly
- Completed reload, in  1.752 seconds
Platform modules already initialized, skipping
Switching build target platform(19) subTarget(0) extendedPlatform(0) -> platform(13) subTarget(537395200) extendedPlatform(0)
Refreshing native plugins compatible for Editor in 0.95 ms, found 1 plugins.
Preloading 0 native plugins for Editor in 0.00 ms.
Unloading 1811 Unused Serialized files (Serialized files now loaded: 0)
System memory in use before: 88.3 MB.
System memory in use after: 88.2 MB.

Unloading 12 unused Assets to reduce memory usage. Loaded Objects now: 2321.
Total: 3.821500 ms (FindLiveObjects: 0.278400 ms CreateObjectMapping: 0.099500 ms MarkObjects: 3.259500 ms  DeleteObjects: 0.182700 ms)

AssetImportParameters requested are different than current active one (requested -> active):
  custom:graphics/normal-map-encoding: 01000000000000000000000000000000 -> 02000000000000000000000000000000
========================================================================
Received Prepare
Registering precompiled user dll's ...
Registered in 0.001767 seconds.
Begin MonoManager ReloadAssembly
Native extension for WindowsStandalone target not found
Refreshing native plugins compatible for Editor in 0.64 ms, found 1 plugins.
Preloading 0 native plugins for Editor in 0.00 ms.
Mono: successfully reloaded assembly
- Completed reload, in  1.986 seconds
Platform modules already initialized, skipping
Switching build target platform(19) subTarget(0) extendedPlatform(0) -> platform(13) subTarget(537395200) extendedPlatform(0)
Refreshing native plugins compatible for Editor in 1.29 ms, found 1 plugins.
Preloading 0 native plugins for Editor in 0.00 ms.
Unloading 1811 Unused Serialized files (Serialized files now loaded: 0)
System memory in use before: 88.3 MB.
System memory in use after: 88.3 MB.

Unloading 12 unused Assets to reduce memory usage. Loaded Objects now: 2325.
Total: 4.029100 ms (FindLiveObjects: 0.343700 ms CreateObjectMapping: 0.540900 ms MarkObjects: 2.956100 ms  DeleteObjects: 0.185700 ms)

AssetImportParameters requested are different than current active one (requested -> active):
  custom:graphics/normal-map-encoding: 01000000000000000000000000000000 -> 02000000000000000000000000000000
========================================================================
Received Prepare
Registering precompiled user dll's ...
Registered in 0.002437 seconds.
Begin MonoManager ReloadAssembly
Native extension for WindowsStandalone target not found
Refreshing native plugins compatible for Editor in 0.46 ms, found 1 plugins.
Preloading 0 native plugins for Editor in 0.00 ms.
Mono: successfully reloaded assembly
- Completed reload, in  1.804 seconds
Platform modules already initialized, skipping
Switching build target platform(19) subTarget(0) extendedPlatform(0) -> platform(13) subTarget(537395200) extendedPlatform(0)
Refreshing native plugins compatible for Editor in 0.90 ms, found 1 plugins.
Preloading 0 native plugins for Editor in 0.00 ms.
Unloading 1811 Unused Serialized files (Serialized files now loaded: 0)
System memory in use before: 88.3 MB.
System memory in use after: 88.3 MB.

Unloading 12 unused Assets to reduce memory usage. Loaded Objects now: 2329.
Total: 2.852400 ms (FindLiveObjects: 0.255500 ms CreateObjectMapping: 0.125600 ms MarkObjects: 2.305400 ms  DeleteObjects: 0.163900 ms)

AssetImportParameters requested are different than current active one (requested -> active):
  custom:graphics/normal-map-encoding: 01000000000000000000000000000000 -> 02000000000000000000000000000000
========================================================================
Received Prepare
Refreshing native plugins compatible for Editor in 95.54 ms, found 1 plugins.
Preloading 0 native plugins for Editor in 0.00 ms.
Unloading 10 Unused Serialized files (Serialized files now loaded: 0)
System memory in use before: 52.7 MB.
System memory in use after: 52.7 MB.

Unloading 10 unused Assets to reduce memory usage. Loaded Objects now: 2329.
Total: 4.137600 ms (FindLiveObjects: 0.302600 ms CreateObjectMapping: 0.104800 ms MarkObjects: 3.556800 ms  DeleteObjects: 0.172000 ms)

========================================================================
Received Prepare
Refreshing native plugins compatible for Editor in 3.59 ms, found 1 plugins.
Preloading 0 native plugins for Editor in 0.00 ms.
Unloading 10 Unused Serialized files (Serialized files now loaded: 0)
System memory in use before: 52.7 MB.
System memory in use after: 52.7 MB.

Unloading 10 unused Assets to reduce memory usage. Loaded Objects now: 2329.
Total: 476.825200 ms (FindLiveObjects: 0.292300 ms CreateObjectMapping: 0.105300 ms MarkObjects: 476.242200 ms  DeleteObjects: 0.181700 ms)

========================================================================
Received Prepare
Refreshing native plugins compatible for Editor in 533.13 ms, found 1 plugins.
Preloading 0 native plugins for Editor in 0.00 ms.
Unloading 10 Unused Serialized files (Serialized files now loaded: 0)
System memory in use before: 52.7 MB.
System memory in use after: 52.7 MB.

Unloading 10 unused Assets to reduce memory usage. Loaded Objects now: 2329.
Total: 4.003700 ms (FindLiveObjects: 0.315300 ms CreateObjectMapping: 0.094400 ms MarkObjects: 3.410900 ms  DeleteObjects: 0.181500 ms)

========================================================================
Received Prepare
Refreshing native plugins compatible for Editor in 224.65 ms, found 1 plugins.
Preloading 0 native plugins for Editor in 0.00 ms.
Unloading 10 Unused Serialized files (Serialized files now loaded: 0)
System memory in use before: 52.7 MB.
System memory in use after: 52.7 MB.

Unloading 10 unused Assets to reduce memory usage. Loaded Objects now: 2329.
Total: 272.624000 ms (FindLiveObjects: 0.682000 ms CreateObjectMapping: 0.164200 ms MarkObjects: 271.551100 ms  DeleteObjects: 0.222800 ms)

========================================================================
Received Prepare
Refreshing native plugins compatible for Editor in 87.03 ms, found 1 plugins.
Preloading 0 native plugins for Editor in 0.00 ms.
Unloading 10 Unused Serialized files (Serialized files now loaded: 0)
System memory in use before: 52.7 MB.
System memory in use after: 52.7 MB.

Unloading 10 unused Assets to reduce memory usage. Loaded Objects now: 2329.
Total: 354.060500 ms (FindLiveObjects: 17.522600 ms CreateObjectMapping: 0.131100 ms MarkObjects: 318.917700 ms  DeleteObjects: 17.486100 ms)

========================================================================
Received Prepare
Refreshing native plugins compatible for Editor in 542.21 ms, found 1 plugins.
Preloading 0 native plugins for Editor in 0.00 ms.
Unloading 10 Unused Serialized files (Serialized files now loaded: 0)
System memory in use before: 52.7 MB.
System memory in use after: 52.7 MB.

Unloading 10 unused Assets to reduce memory usage. Loaded Objects now: 2329.
Total: 5.430900 ms (FindLiveObjects: 0.270500 ms CreateObjectMapping: 0.089400 ms MarkObjects: 4.876900 ms  DeleteObjects: 0.190000 ms)

========================================================================
Received Import Request.
  Time since last request: 2964.644636 seconds.
  path: Assets/scripts/DeathHoleScript.cs
  artifactKey: Guid(c243ad7e720b68e45bb96800b226cd61) Importer(815301076,1909f56bfc062723c751e8b465ee728b)
Start importing Assets/scripts/DeathHoleScript.cs using Guid(c243ad7e720b68e45bb96800b226cd61) Importer(815301076,1909f56bfc062723c751e8b465ee728b)  -> (artifact id: '17d38245889f16be6265579fb63415ec') in 6.191900 seconds
  Import took 6.944700 seconds .

========================================================================
Received Prepare
Registering precompiled user dll's ...
Registered in 0.002469 seconds.
Begin MonoManager ReloadAssembly
Native extension for WindowsStandalone target not found
Refreshing native plugins compatible for Editor in 0.90 ms, found 1 plugins.
Preloading 0 native plugins for Editor in 0.00 ms.
Mono: successfully reloaded assembly
- Completed reload, in 26.903 seconds
Platform modules already initialized, skipping
Switching build target platform(19) subTarget(0) extendedPlatform(0) -> platform(13) subTarget(537395200) extendedPlatform(0)
Refreshing native plugins compatible for Editor in 0.48 ms, found 1 plugins.
Preloading 0 native plugins for Editor in 0.00 ms.
Unloading 1811 Unused Serialized files (Serialized files now loaded: 0)
System memory in use before: 88.3 MB.
System memory in use after: 88.3 MB.

Unloading 12 unused Assets to reduce memory usage. Loaded Objects now: 2333.
Total: 37.833300 ms (FindLiveObjects: 0.249000 ms CreateObjectMapping: 0.093500 ms MarkObjects: 24.051200 ms  DeleteObjects: 13.437100 ms)

AssetImportParameters requested are different than current active one (requested -> active):
  custom:graphics/normal-map-encoding: 01000000000000000000000000000000 -> 02000000000000000000000000000000
========================================================================
Received Prepare
Refreshing native plugins compatible for Editor in 163.22 ms, found 1 plugins.
Preloading 0 native plugins for Editor in 0.00 ms.
Unloading 10 Unused Serialized files (Serialized files now loaded: 0)
System memory in use before: 52.7 MB.
System memory in use after: 52.7 MB.

Unloading 10 unused Assets to reduce memory usage. Loaded Objects now: 2333.
Total: 3.524500 ms (FindLiveObjects: 0.288800 ms CreateObjectMapping: 0.091500 ms MarkObjects: 2.961500 ms  DeleteObjects: 0.180800 ms)

========================================================================
Received Prepare
Refreshing native plugins compatible for Editor in 110.87 ms, found 1 plugins.
Preloading 0 native plugins for Editor in 0.00 ms.
Unloading 10 Unused Serialized files (Serialized files now loaded: 0)
System memory in use before: 52.7 MB.
System memory in use after: 52.7 MB.

Unloading 10 unused Assets to reduce memory usage. Loaded Objects now: 2333.
Total: 331.485200 ms (FindLiveObjects: 48.630400 ms CreateObjectMapping: 0.106000 ms MarkObjects: 271.730500 ms  DeleteObjects: 11.013600 ms)

